cl : 命令行 warning D9035: “Gm”选项已否决，并将在将来的版本中移除
cl : 命令行 warning D9002: 忽略未知选项“/wc4574”
  mycontroller.cpp
E:\Keil_Project\20_Project_Template-master (1)\20_Project_Template\Template4MSVC_WIN32\Usr\controller\mycontroller.cpp(1,1): warning C4828: 文件包含在偏移 0x104 处开始的字符，该字符在当前源字符集中无效(代码页 65001)。
E:\Keil_Project\20_Project_Template-master (1)\20_Project_Template\Template4MSVC_WIN32\Usr\controller\mycontroller.cpp(1,1): warning C4828: 文件包含在偏移 0x105 处开始的字符，该字符在当前源字符集中无效(代码页 65001)。
E:\Keil_Project\20_Project_Template-master (1)\20_Project_Template\Template4MSVC_WIN32\Usr\controller\mycontroller.h(1,1): warning C4828: 文件包含在偏移 0x99 处开始的字符，该字符在当前源字符集中无效(代码页 65001)。
E:\Keil_Project\20_Project_Template-master (1)\20_Project_Template\Template4MSVC_WIN32\Usr\controller\mycontroller.h(1,1): warning C4828: 文件包含在偏移 0x9a 处开始的字符，该字符在当前源字符集中无效(代码页 65001)。
E:\Keil_Project\20_Project_Template-master (1)\20_Project_Template\Template4MSVC_WIN32\Usr\controller\mycontroller.h(1,1): warning C4828: 文件包含在偏移 0xb7 处开始的字符，该字符在当前源字符集中无效(代码页 65001)。
E:\Keil_Project\20_Project_Template-master (1)\20_Project_Template\Template4MSVC_WIN32\Usr\controller\mycontroller.h(1,1): warning C4828: 文件包含在偏移 0xb8 处开始的字符，该字符在当前源字符集中无效(代码页 65001)。
E:\Keil_Project\20_Project_Template-master (1)\20_Project_Template\Template4MSVC_WIN32\Usr\controller\mycontroller.h(1,1): warning C4828: 文件包含在偏移 0xe1 处开始的字符，该字符在当前源字符集中无效(代码页 65001)。
E:\Keil_Project\20_Project_Template-master (1)\20_Project_Template\Template4MSVC_WIN32\Usr\controller\mycontroller.h(1,1): warning C4828: 文件包含在偏移 0xe2 处开始的字符，该字符在当前源字符集中无效(代码页 65001)。
E:\Keil_Project\20_Project_Template-master (1)\20_Project_Template\Template4MSVC_WIN32\Usr\controller\mycontroller.h(1,1): warning C4828: 文件包含在偏移 0xf6 处开始的字符，该字符在当前源字符集中无效(代码页 65001)。
E:\Keil_Project\20_Project_Template-master (1)\20_Project_Template\Template4MSVC_WIN32\Usr\controller\mycontroller.h(1,1): warning C4828: 文件包含在偏移 0xf7 处开始的字符，该字符在当前源字符集中无效(代码页 65001)。
D:\Visual Studio\VC\Tools\MSVC\14.24.28314\include\xmemory(115,5): warning C4365: “参数”: 从“long”转换到“unsigned int”，有符号/无符号不匹配
D:\Visual Studio\VC\Tools\MSVC\14.24.28314\include\xmemory(125,5): warning C4365: “参数”: 从“long”转换到“unsigned int”，有符号/无符号不匹配
E:\Keil_Project\20_Project_Template-master (1)\20_Project_Template\Template4MSVC_WIN32\SRML\Middlewares\Algorithm\PID.h(91,35): warning C4305: “初始化”: 从“unsigned long”到“float”截断
E:\Keil_Project\20_Project_Template-master (1)\20_Project_Template\Template4MSVC_WIN32\SRML\Middlewares\Algorithm\PID.h(92,35): warning C4305: “初始化”: 从“unsigned long”到“float”截断
E:\Keil_Project\20_Project_Template-master (1)\20_Project_Template\Template4MSVC_WIN32\SRML\Middlewares\Algorithm\PID.h(134,31): warning C4146: 一元负运算符应用于无符号类型，结果仍为无符号类型
E:\Keil_Project\20_Project_Template-master (1)\20_Project_Template\Template4MSVC_WIN32\SRML\Middlewares\Algorithm\PID.h(134,52): warning C4305: “初始化”: 从“unsigned long”到“float”截断
E:\Keil_Project\20_Project_Template-master (1)\20_Project_Template\Template4MSVC_WIN32\SRML\Middlewares\Algorithm\PID.h(135,31): warning C4146: 一元负运算符应用于无符号类型，结果仍为无符号类型
E:\Keil_Project\20_Project_Template-master (1)\20_Project_Template\Template4MSVC_WIN32\SRML\Middlewares\Algorithm\PID.h(135,52): warning C4305: “初始化”: 从“unsigned long”到“float”截断
E:\Keil_Project\20_Project_Template-master (1)\20_Project_Template\Template4MSVC_WIN32\SRML\Middlewares\Module\chassis.h(264,32): warning C4244: “=”: 从“float”转换到“int16_t”，可能丢失数据
E:\Keil_Project\20_Project_Template-master (1)\20_Project_Template\Template4MSVC_WIN32\SRML\Middlewares\Module\chassis.h(274,1): warning C4305: “=”: 从“double”到“float”截断
E:\Keil_Project\20_Project_Template-master (1)\20_Project_Template\Template4MSVC_WIN32\SRML\Middlewares\Module\chassis.h(259,67): warning C4100: “str_range”: 未引用的形参
E:\Keil_Project\20_Project_Template-master (1)\20_Project_Template\Template4MSVC_WIN32\Usr\controller\mycontroller.h(1,1): warning C4828: 文件包含在偏移 0x99 处开始的字符，该字符在当前源字符集中无效(代码页 65001)。
E:\Keil_Project\20_Project_Template-master (1)\20_Project_Template\Template4MSVC_WIN32\Usr\controller\mycontroller.h(1,1): warning C4828: 文件包含在偏移 0x9a 处开始的字符，该字符在当前源字符集中无效(代码页 65001)。
E:\Keil_Project\20_Project_Template-master (1)\20_Project_Template\Template4MSVC_WIN32\Usr\controller\mycontroller.h(1,1): warning C4828: 文件包含在偏移 0xb7 处开始的字符，该字符在当前源字符集中无效(代码页 65001)。
E:\Keil_Project\20_Project_Template-master (1)\20_Project_Template\Template4MSVC_WIN32\Usr\controller\mycontroller.h(1,1): warning C4828: 文件包含在偏移 0xb8 处开始的字符，该字符在当前源字符集中无效(代码页 65001)。
E:\Keil_Project\20_Project_Template-master (1)\20_Project_Template\Template4MSVC_WIN32\Usr\controller\mycontroller.h(1,1): warning C4828: 文件包含在偏移 0xe1 处开始的字符，该字符在当前源字符集中无效(代码页 65001)。
E:\Keil_Project\20_Project_Template-master (1)\20_Project_Template\Template4MSVC_WIN32\Usr\controller\mycontroller.h(1,1): warning C4828: 文件包含在偏移 0xe2 处开始的字符，该字符在当前源字符集中无效(代码页 65001)。
E:\Keil_Project\20_Project_Template-master (1)\20_Project_Template\Template4MSVC_WIN32\Usr\controller\mycontroller.h(1,1): warning C4828: 文件包含在偏移 0xf6 处开始的字符，该字符在当前源字符集中无效(代码页 65001)。
E:\Keil_Project\20_Project_Template-master (1)\20_Project_Template\Template4MSVC_WIN32\Usr\controller\mycontroller.h(1,1): warning C4828: 文件包含在偏移 0xf7 处开始的字符，该字符在当前源字符集中无效(代码页 65001)。
E:\Keil_Project\20_Project_Template-master (1)\20_Project_Template\Template4MSVC_WIN32\mypid.h(1,1): warning C4828: 文件包含在偏移 0x225 处开始的字符，该字符在当前源字符集中无效(代码页 65001)。
E:\Keil_Project\20_Project_Template-master (1)\20_Project_Template\Template4MSVC_WIN32\mypid.h(1,1): warning C4828: 文件包含在偏移 0x227 处开始的字符，该字符在当前源字符集中无效(代码页 65001)。
E:\Keil_Project\20_Project_Template-master (1)\20_Project_Template\Template4MSVC_WIN32\mypid.h(1,1): warning C4828: 文件包含在偏移 0x229 处开始的字符，该字符在当前源字符集中无效(代码页 65001)。
E:\Keil_Project\20_Project_Template-master (1)\20_Project_Template\Template4MSVC_WIN32\mypid.h(1,1): warning C4828: 文件包含在偏移 0x22a 处开始的字符，该字符在当前源字符集中无效(代码页 65001)。
E:\Keil_Project\20_Project_Template-master (1)\20_Project_Template\Template4MSVC_WIN32\Usr\controller\mycontroller.cpp(36,27): warning C4305: “参数”: 从“double”到“float”截断
E:\Keil_Project\20_Project_Template-master (1)\20_Project_Template\Template4MSVC_WIN32\Usr\controller\mycontroller.cpp(37,21): warning C4305: “参数”: 从“double”到“float”截断
E:\Keil_Project\20_Project_Template-master (1)\20_Project_Template\Template4MSVC_WIN32\Usr\controller\mycontroller.cpp(38,21): warning C4305: “参数”: 从“double”到“float”截断
E:\Keil_Project\20_Project_Template-master (1)\20_Project_Template\Template4MSVC_WIN32\Usr\controller\mycontroller.cpp(39,21): warning C4305: “参数”: 从“double”到“float”截断
E:\Keil_Project\20_Project_Template-master (1)\20_Project_Template\Template4MSVC_WIN32\Usr\controller\mycontroller.cpp(40,21): warning C4305: “参数”: 从“double”到“float”截断
E:\Keil_Project\20_Project_Template-master (1)\20_Project_Template\Template4MSVC_WIN32\Usr\controller\mycontroller.cpp(41,21): warning C4305: “参数”: 从“double”到“float”截断
E:\Keil_Project\20_Project_Template-master (1)\20_Project_Template\Template4MSVC_WIN32\Usr\controller\mycontroller.cpp(42,20): warning C4305: “参数”: 从“double”到“float”截断
E:\Keil_Project\20_Project_Template-master (1)\20_Project_Template\Template4MSVC_WIN32\Usr\controller\mycontroller.cpp(43,20): warning C4305: “参数”: 从“double”到“float”截断
E:\Keil_Project\20_Project_Template-master (1)\20_Project_Template\Template4MSVC_WIN32\Usr\controller\mycontroller.cpp(103,37): warning C4244: “=”: 从“float”转换到“int32_t”，可能丢失数据
E:\Windows Kits\10\Include\10.0.18362.0\ucrt\corecrt_math.h(290,31): warning C4514: “fpclassify”: 未引用的内联函数已移除
E:\Windows Kits\10\Include\10.0.18362.0\ucrt\corecrt_math.h(295,31): warning C4514: “fpclassify”: 未引用的内联函数已移除
E:\Windows Kits\10\Include\10.0.18362.0\ucrt\corecrt_math.h(300,31): warning C4514: “fpclassify”: 未引用的内联函数已移除
E:\Windows Kits\10\Include\10.0.18362.0\ucrt\corecrt_math.h(305,32): warning C4514: “signbit”: 未引用的内联函数已移除
E:\Windows Kits\10\Include\10.0.18362.0\ucrt\corecrt_math.h(310,32): warning C4514: “signbit”: 未引用的内联函数已移除
E:\Windows Kits\10\Include\10.0.18362.0\ucrt\corecrt_math.h(315,32): warning C4514: “signbit”: 未引用的内联函数已移除
E:\Windows Kits\10\Include\10.0.18362.0\ucrt\corecrt_math.h(320,31): warning C4514: “_fpcomp”: 未引用的内联函数已移除
E:\Windows Kits\10\Include\10.0.18362.0\ucrt\corecrt_math.h(325,31): warning C4514: “_fpcomp”: 未引用的内联函数已移除
E:\Windows Kits\10\Include\10.0.18362.0\ucrt\corecrt_math.h(330,31): warning C4514: “_fpcomp”: 未引用的内联函数已移除
E:\Windows Kits\10\Include\10.0.18362.0\ucrt\corecrt_math.h(808,51): warning C4514: “_chgsignl”: 未引用的内联函数已移除
E:\Windows Kits\10\Include\10.0.18362.0\ucrt\corecrt_math.h(815,51): warning C4514: “_copysignl”: 未引用的内联函数已移除
E:\Windows Kits\10\Include\10.0.18362.0\ucrt\corecrt_math.h(869,51): warning C4514: “_hypotl”: 未引用的内联函数已移除
E:\Windows Kits\10\Include\10.0.18362.0\ucrt\stdlib.h(359,17): warning C4514: “abs”: 未引用的内联函数已移除
E:\Windows Kits\10\Include\10.0.18362.0\ucrt\stdlib.h(364,22): warning C4514: “abs”: 未引用的内联函数已移除
E:\Windows Kits\10\Include\10.0.18362.0\ucrt\stdlib.h(369,19): warning C4514: “div”: 未引用的内联函数已移除
E:\Windows Kits\10\Include\10.0.18362.0\ucrt\stdlib.h(374,20): warning C4514: “div”: 未引用的内联函数已移除
E:\Windows Kits\10\Include\10.0.18362.0\ucrt\corecrt_wstdio.h(311,37): warning C4514: “vfwprintf”: 未引用的内联函数已移除
E:\Windows Kits\10\Include\10.0.18362.0\ucrt\corecrt_wstdio.h(342,41): warning C4514: “vfwprintf_s”: 未引用的内联函数已移除
E:\Windows Kits\10\Include\10.0.18362.0\ucrt\corecrt_wstdio.h(373,37): warning C4514: “_vfwprintf_p”: 未引用的内联函数已移除
E:\Windows Kits\10\Include\10.0.18362.0\ucrt\corecrt_wstdio.h(387,37): warning C4514: “_vwprintf_l”: 未引用的内联函数已移除
E:\Windows Kits\10\Include\10.0.18362.0\ucrt\corecrt_wstdio.h(401,37): warning C4514: “vwprintf”: 未引用的内联函数已移除
E:\Windows Kits\10\Include\10.0.18362.0\ucrt\corecrt_wstdio.h(414,37): warning C4514: “_vwprintf_s_l”: 未引用的内联函数已移除
E:\Windows Kits\10\Include\10.0.18362.0\ucrt\corecrt_wstdio.h(430,41): warning C4514: “vwprintf_s”: 未引用的内联函数已移除
E:\Windows Kits\10\Include\10.0.18362.0\ucrt\corecrt_wstdio.h(445,37): warning C4514: “_vwprintf_p_l”: 未引用的内联函数已移除
E:\Windows Kits\10\Include\10.0.18362.0\ucrt\corecrt_wstdio.h(459,37): warning C4514: “_vwprintf_p”: 未引用的内联函数已移除
E:\Windows Kits\10\Include\10.0.18362.0\ucrt\corecrt_wstdio.h(472,37): warning C4514: “_fwprintf_l”: 未引用的内联函数已移除
E:\Windows Kits\10\Include\10.0.18362.0\ucrt\corecrt_wstdio.h(491,37): warning C4514: “fwprintf”: 未引用的内联函数已移除
E:\Windows Kits\10\Include\10.0.18362.0\ucrt\corecrt_wstdio.h(509,37): warning C4514: “_fwprintf_s_l”: 未引用的内联函数已移除
E:\Windows Kits\10\Include\10.0.18362.0\ucrt\corecrt_wstdio.h(530,41): warning C4514: “fwprintf_s”: 未引用的内联函数已移除
E:\Windows Kits\10\Include\10.0.18362.0\ucrt\corecrt_wstdio.h(550,37): warning C4514: “_fwprintf_p_l”: 未引用的内联函数已移除
E:\Windows Kits\10\Include\10.0.18362.0\ucrt\corecrt_wstdio.h(569,37): warning C4514: “_fwprintf_p”: 未引用的内联函数已移除
E:\Windows Kits\10\Include\10.0.18362.0\ucrt\corecrt_wstdio.h(587,37): warning C4514: “_wprintf_l”: 未引用的内联函数已移除
E:\Windows Kits\10\Include\10.0.18362.0\ucrt\corecrt_wstdio.h(605,37): warning C4514: “wprintf”: 未引用的内联函数已移除
E:\Windows Kits\10\Include\10.0.18362.0\ucrt\corecrt_wstdio.h(622,37): warning C4514: “_wprintf_s_l”: 未引用的内联函数已移除
E:\Windows Kits\10\Include\10.0.18362.0\ucrt\corecrt_wstdio.h(642,41): warning C4514: “wprintf_s”: 未引用的内联函数已移除
E:\Windows Kits\10\Include\10.0.18362.0\ucrt\corecrt_wstdio.h(661,37): warning C4514: “_wprintf_p_l”: 未引用的内联函数已移除
E:\Windows Kits\10\Include\10.0.18362.0\ucrt\corecrt_wstdio.h(679,37): warning C4514: “_wprintf_p”: 未引用的内联函数已移除
E:\Windows Kits\10\Include\10.0.18362.0\ucrt\corecrt_wstdio.h(728,37): warning C4514: “vfwscanf”: 未引用的内联函数已移除
E:\Windows Kits\10\Include\10.0.18362.0\ucrt\corecrt_wstdio.h(761,41): warning C4514: “vfwscanf_s”: 未引用的内联函数已移除
E:\Windows Kits\10\Include\10.0.18362.0\ucrt\corecrt_wstdio.h(776,37): warning C4514: “_vwscanf_l”: 未引用的内联函数已移除
E:\Windows Kits\10\Include\10.0.18362.0\ucrt\corecrt_wstdio.h(790,37): warning C4514: “vwscanf”: 未引用的内联函数已移除
E:\Windows Kits\10\Include\10.0.18362.0\ucrt\corecrt_wstdio.h(803,37): warning C4514: “_vwscanf_s_l”: 未引用的内联函数已移除
E:\Windows Kits\10\Include\10.0.18362.0\ucrt\corecrt_wstdio.h(819,41): warning C4514: “vwscanf_s”: 未引用的内联函数已移除
E:\Windows Kits\10\Include\10.0.18362.0\ucrt\corecrt_wstdio.h(834,37): warning C4514: “_fwscanf_l”: 未引用的内联函数已移除
E:\Windows Kits\10\Include\10.0.18362.0\ucrt\corecrt_wstdio.h(853,37): warning C4514: “fwscanf”: 未引用的内联函数已移除
E:\Windows Kits\10\Include\10.0.18362.0\ucrt\corecrt_wstdio.h(871,37): warning C4514: “_fwscanf_s_l”: 未引用的内联函数已移除
E:\Windows Kits\10\Include\10.0.18362.0\ucrt\corecrt_wstdio.h(892,41): warning C4514: “fwscanf_s”: 未引用的内联函数已移除
E:\Windows Kits\10\Include\10.0.18362.0\ucrt\corecrt_wstdio.h(912,37): warning C4514: “_wscanf_l”: 未引用的内联函数已移除
E:\Windows Kits\10\Include\10.0.18362.0\ucrt\corecrt_wstdio.h(930,37): warning C4514: “wscanf”: 未引用的内联函数已移除
E:\Windows Kits\10\Include\10.0.18362.0\ucrt\corecrt_wstdio.h(947,37): warning C4514: “_wscanf_s_l”: 未引用的内联函数已移除
E:\Windows Kits\10\Include\10.0.18362.0\ucrt\corecrt_wstdio.h(967,41): warning C4514: “wscanf_s”: 未引用的内联函数已移除
E:\Windows Kits\10\Include\10.0.18362.0\ucrt\corecrt_wstdio.h(1094,37): warning C4514: “_vsnwprintf_s”: 未引用的内联函数已移除
E:\Windows Kits\10\Include\10.0.18362.0\ucrt\corecrt_wstdio.h(1122,37): warning C4514: “_vsnwprintf”: 未引用的内联函数已移除
E:\Windows Kits\10\Include\10.0.18362.0\ucrt\corecrt_wstdio.h(1171,37): warning C4514: “_vswprintf_c”: 未引用的内联函数已移除
E:\Windows Kits\10\Include\10.0.18362.0\ucrt\corecrt_wstdio.h(1223,37): warning C4514: “_vswprintf”: 未引用的内联函数已移除
E:\Windows Kits\10\Include\10.0.18362.0\ucrt\corecrt_wstdio.h(1276,41): warning C4514: “vswprintf_s”: 未引用的内联函数已移除
E:\Windows Kits\10\Include\10.0.18362.0\ucrt\corecrt_wstdio.h(1323,37): warning C4514: “_vswprintf_p”: 未引用的内联函数已移除
E:\Windows Kits\10\Include\10.0.18362.0\ucrt\corecrt_wstdio.h(1358,37): warning C4514: “_vscwprintf”: 未引用的内联函数已移除
E:\Windows Kits\10\Include\10.0.18362.0\ucrt\corecrt_wstdio.h(1391,37): warning C4514: “_vscwprintf_p”: 未引用的内联函数已移除
E:\Windows Kits\10\Include\10.0.18362.0\ucrt\corecrt_wstdio.h(1405,37): warning C4514: “__swprintf_l”: 未引用的内联函数已移除
E:\Windows Kits\10\Include\10.0.18362.0\ucrt\corecrt_wstdio.h(1425,37): warning C4514: “_swprintf_l”: 未引用的内联函数已移除
E:\Windows Kits\10\Include\10.0.18362.0\ucrt\corecrt_wstdio.h(1446,37): warning C4514: “_swprintf”: 未引用的内联函数已移除
E:\Windows Kits\10\Include\10.0.18362.0\ucrt\corecrt_wstdio.h(1465,37): warning C4514: “swprintf”: 未引用的内联函数已移除
E:\Windows Kits\10\Include\10.0.18362.0\ucrt\corecrt_wstdio.h(1508,37): warning C4514: “_swprintf_s_l”: 未引用的内联函数已移除
E:\Windows Kits\10\Include\10.0.18362.0\ucrt\corecrt_wstdio.h(1530,41): warning C4514: “swprintf_s”: 未引用的内联函数已移除
E:\Windows Kits\10\Include\10.0.18362.0\ucrt\corecrt_wstdio.h(1559,37): warning C4514: “_swprintf_p_l”: 未引用的内联函数已移除
E:\Windows Kits\10\Include\10.0.18362.0\ucrt\corecrt_wstdio.h(1580,37): warning C4514: “_swprintf_p”: 未引用的内联函数已移除
E:\Windows Kits\10\Include\10.0.18362.0\ucrt\corecrt_wstdio.h(1600,37): warning C4514: “_swprintf_c_l”: 未引用的内联函数已移除
E:\Windows Kits\10\Include\10.0.18362.0\ucrt\corecrt_wstdio.h(1621,37): warning C4514: “_swprintf_c”: 未引用的内联函数已移除
E:\Windows Kits\10\Include\10.0.18362.0\ucrt\corecrt_wstdio.h(1641,37): warning C4514: “_snwprintf_l”: 未引用的内联函数已移除
E:\Windows Kits\10\Include\10.0.18362.0\ucrt\corecrt_wstdio.h(1667,37): warning C4514: “_snwprintf”: 未引用的内联函数已移除
E:\Windows Kits\10\Include\10.0.18362.0\ucrt\corecrt_wstdio.h(1692,37): warning C4514: “_snwprintf_s_l”: 未引用的内联函数已移除
E:\Windows Kits\10\Include\10.0.18362.0\ucrt\corecrt_wstdio.h(1714,37): warning C4514: “_snwprintf_s”: 未引用的内联函数已移除
E:\Windows Kits\10\Include\10.0.18362.0\ucrt\corecrt_wstdio.h(1742,37): warning C4514: “_scwprintf_l”: 未引用的内联函数已移除
E:\Windows Kits\10\Include\10.0.18362.0\ucrt\corecrt_wstdio.h(1761,37): warning C4514: “_scwprintf”: 未引用的内联函数已移除
E:\Windows Kits\10\Include\10.0.18362.0\ucrt\corecrt_wstdio.h(1779,37): warning C4514: “_scwprintf_p_l”: 未引用的内联函数已移除
E:\Windows Kits\10\Include\10.0.18362.0\ucrt\corecrt_wstdio.h(1798,37): warning C4514: “_scwprintf_p”: 未引用的内联函数已移除
E:\Windows Kits\10\Include\10.0.18362.0\ucrt\corecrt_wstdio.h(1822,24): warning C4514: “swprintf”: 未引用的内联函数已移除
E:\Windows Kits\10\Include\10.0.18362.0\ucrt\corecrt_wstdio.h(1837,34): warning C4514: “vswprintf”: 未引用的内联函数已移除
E:\Windows Kits\10\Include\10.0.18362.0\ucrt\corecrt_wstdio.h(1848,24): warning C4514: “_swprintf_l”: 未引用的内联函数已移除
E:\Windows Kits\10\Include\10.0.18362.0\ucrt\corecrt_wstdio.h(1863,34): warning C4514: “_vswprintf_l”: 未引用的内联函数已移除
E:\Windows Kits\10\Include\10.0.18362.0\ucrt\corecrt_wstdio.h(1921,37): warning C4514: “vswscanf”: 未引用的内联函数已移除
E:\Windows Kits\10\Include\10.0.18362.0\ucrt\corecrt_wstdio.h(1956,41): warning C4514: “vswscanf_s”: 未引用的内联函数已移除
E:\Windows Kits\10\Include\10.0.18362.0\ucrt\corecrt_wstdio.h(2019,37): warning C4514: “_swscanf_l”: 未引用的内联函数已移除
E:\Windows Kits\10\Include\10.0.18362.0\ucrt\corecrt_wstdio.h(2039,37): warning C4514: “swscanf”: 未引用的内联函数已移除
E:\Windows Kits\10\Include\10.0.18362.0\ucrt\corecrt_wstdio.h(2058,37): warning C4514: “_swscanf_s_l”: 未引用的内联函数已移除
E:\Windows Kits\10\Include\10.0.18362.0\ucrt\corecrt_wstdio.h(2080,41): warning C4514: “swscanf_s”: 未引用的内联函数已移除
E:\Windows Kits\10\Include\10.0.18362.0\ucrt\corecrt_wstdio.h(2101,37): warning C4514: “_snwscanf_l”: 未引用的内联函数已移除
E:\Windows Kits\10\Include\10.0.18362.0\ucrt\corecrt_wstdio.h(2127,37): warning C4514: “_snwscanf”: 未引用的内联函数已移除
E:\Windows Kits\10\Include\10.0.18362.0\ucrt\corecrt_wstdio.h(2152,37): warning C4514: “_snwscanf_s_l”: 未引用的内联函数已移除
E:\Windows Kits\10\Include\10.0.18362.0\ucrt\corecrt_wstdio.h(2173,37): warning C4514: “_snwscanf_s”: 未引用的内联函数已移除
E:\Windows Kits\10\Include\10.0.18362.0\ucrt\stdio.h(648,37): warning C4514: “vfprintf”: 未引用的内联函数已移除
E:\Windows Kits\10\Include\10.0.18362.0\ucrt\stdio.h(679,41): warning C4514: “vfprintf_s”: 未引用的内联函数已移除
E:\Windows Kits\10\Include\10.0.18362.0\ucrt\stdio.h(710,37): warning C4514: “_vfprintf_p”: 未引用的内联函数已移除
E:\Windows Kits\10\Include\10.0.18362.0\ucrt\stdio.h(724,37): warning C4514: “_vprintf_l”: 未引用的内联函数已移除
E:\Windows Kits\10\Include\10.0.18362.0\ucrt\stdio.h(738,37): warning C4514: “vprintf”: 未引用的内联函数已移除
E:\Windows Kits\10\Include\10.0.18362.0\ucrt\stdio.h(751,37): warning C4514: “_vprintf_s_l”: 未引用的内联函数已移除
E:\Windows Kits\10\Include\10.0.18362.0\ucrt\stdio.h(767,41): warning C4514: “vprintf_s”: 未引用的内联函数已移除
E:\Windows Kits\10\Include\10.0.18362.0\ucrt\stdio.h(782,37): warning C4514: “_vprintf_p_l”: 未引用的内联函数已移除
E:\Windows Kits\10\Include\10.0.18362.0\ucrt\stdio.h(796,37): warning C4514: “_vprintf_p”: 未引用的内联函数已移除
E:\Windows Kits\10\Include\10.0.18362.0\ucrt\stdio.h(809,37): warning C4514: “_fprintf_l”: 未引用的内联函数已移除
E:\Windows Kits\10\Include\10.0.18362.0\ucrt\stdio.h(828,37): warning C4514: “fprintf”: 未引用的内联函数已移除
E:\Windows Kits\10\Include\10.0.18362.0\ucrt\stdio.h(852,37): warning C4514: “_fprintf_s_l”: 未引用的内联函数已移除
E:\Windows Kits\10\Include\10.0.18362.0\ucrt\stdio.h(873,41): warning C4514: “fprintf_s”: 未引用的内联函数已移除
E:\Windows Kits\10\Include\10.0.18362.0\ucrt\stdio.h(893,37): warning C4514: “_fprintf_p_l”: 未引用的内联函数已移除
E:\Windows Kits\10\Include\10.0.18362.0\ucrt\stdio.h(912,37): warning C4514: “_fprintf_p”: 未引用的内联函数已移除
E:\Windows Kits\10\Include\10.0.18362.0\ucrt\stdio.h(930,37): warning C4514: “_printf_l”: 未引用的内联函数已移除
E:\Windows Kits\10\Include\10.0.18362.0\ucrt\stdio.h(948,37): warning C4514: “printf”: 未引用的内联函数已移除
E:\Windows Kits\10\Include\10.0.18362.0\ucrt\stdio.h(965,37): warning C4514: “_printf_s_l”: 未引用的内联函数已移除
E:\Windows Kits\10\Include\10.0.18362.0\ucrt\stdio.h(985,41): warning C4514: “printf_s”: 未引用的内联函数已移除
E:\Windows Kits\10\Include\10.0.18362.0\ucrt\stdio.h(1004,37): warning C4514: “_printf_p_l”: 未引用的内联函数已移除
E:\Windows Kits\10\Include\10.0.18362.0\ucrt\stdio.h(1022,37): warning C4514: “_printf_p”: 未引用的内联函数已移除
E:\Windows Kits\10\Include\10.0.18362.0\ucrt\stdio.h(1070,37): warning C4514: “vfscanf”: 未引用的内联函数已移除
E:\Windows Kits\10\Include\10.0.18362.0\ucrt\stdio.h(1104,41): warning C4514: “vfscanf_s”: 未引用的内联函数已移除
E:\Windows Kits\10\Include\10.0.18362.0\ucrt\stdio.h(1120,37): warning C4514: “_vscanf_l”: 未引用的内联函数已移除
E:\Windows Kits\10\Include\10.0.18362.0\ucrt\stdio.h(1134,37): warning C4514: “vscanf”: 未引用的内联函数已移除
E:\Windows Kits\10\Include\10.0.18362.0\ucrt\stdio.h(1147,37): warning C4514: “_vscanf_s_l”: 未引用的内联函数已移除
E:\Windows Kits\10\Include\10.0.18362.0\ucrt\stdio.h(1163,41): warning C4514: “vscanf_s”: 未引用的内联函数已移除
E:\Windows Kits\10\Include\10.0.18362.0\ucrt\stdio.h(1178,37): warning C4514: “_fscanf_l”: 未引用的内联函数已移除
E:\Windows Kits\10\Include\10.0.18362.0\ucrt\stdio.h(1197,37): warning C4514: “fscanf”: 未引用的内联函数已移除
E:\Windows Kits\10\Include\10.0.18362.0\ucrt\stdio.h(1215,37): warning C4514: “_fscanf_s_l”: 未引用的内联函数已移除
E:\Windows Kits\10\Include\10.0.18362.0\ucrt\stdio.h(1236,41): warning C4514: “fscanf_s”: 未引用的内联函数已移除
E:\Windows Kits\10\Include\10.0.18362.0\ucrt\stdio.h(1256,37): warning C4514: “_scanf_l”: 未引用的内联函数已移除
E:\Windows Kits\10\Include\10.0.18362.0\ucrt\stdio.h(1274,37): warning C4514: “scanf”: 未引用的内联函数已移除
E:\Windows Kits\10\Include\10.0.18362.0\ucrt\stdio.h(1291,37): warning C4514: “_scanf_s_l”: 未引用的内联函数已移除
E:\Windows Kits\10\Include\10.0.18362.0\ucrt\stdio.h(1311,41): warning C4514: “scanf_s”: 未引用的内联函数已移除
E:\Windows Kits\10\Include\10.0.18362.0\ucrt\stdio.h(1469,37): warning C4514: “vsprintf”: 未引用的内联函数已移除
E:\Windows Kits\10\Include\10.0.18362.0\ucrt\stdio.h(1510,41): warning C4514: “vsprintf_s”: 未引用的内联函数已移除
E:\Windows Kits\10\Include\10.0.18362.0\ucrt\stdio.h(1557,37): warning C4514: “_vsprintf_p”: 未引用的内联函数已移除
E:\Windows Kits\10\Include\10.0.18362.0\ucrt\stdio.h(1595,37): warning C4514: “_vsnprintf_s”: 未引用的内联函数已移除
E:\Windows Kits\10\Include\10.0.18362.0\ucrt\stdio.h(1623,41): warning C4514: “vsnprintf_s”: 未引用的内联函数已移除
E:\Windows Kits\10\Include\10.0.18362.0\ucrt\stdio.h(1668,37): warning C4514: “_vscprintf”: 未引用的内联函数已移除
E:\Windows Kits\10\Include\10.0.18362.0\ucrt\stdio.h(1733,37): warning C4514: “_vsnprintf_c”: 未引用的内联函数已移除
E:\Windows Kits\10\Include\10.0.18362.0\ucrt\stdio.h(1749,37): warning C4514: “_sprintf_l”: 未引用的内联函数已移除
E:\Windows Kits\10\Include\10.0.18362.0\ucrt\stdio.h(1774,37): warning C4514: “sprintf”: 未引用的内联函数已移除
E:\Windows Kits\10\Include\10.0.18362.0\ucrt\stdio.h(1810,37): warning C4514: “_sprintf_s_l”: 未引用的内联函数已移除
E:\Windows Kits\10\Include\10.0.18362.0\ucrt\stdio.h(1862,37): warning C4514: “_sprintf_p_l”: 未引用的内联函数已移除
E:\Windows Kits\10\Include\10.0.18362.0\ucrt\stdio.h(1883,37): warning C4514: “_sprintf_p”: 未引用的内联函数已移除
E:\Windows Kits\10\Include\10.0.18362.0\ucrt\stdio.h(1903,37): warning C4514: “_snprintf_l”: 未引用的内联函数已移除
E:\Windows Kits\10\Include\10.0.18362.0\ucrt\stdio.h(1940,37): warning C4514: “snprintf”: 未引用的内联函数已移除
E:\Windows Kits\10\Include\10.0.18362.0\ucrt\stdio.h(1961,37): warning C4514: “_snprintf”: 未引用的内联函数已移除
E:\Windows Kits\10\Include\10.0.18362.0\ucrt\stdio.h(1991,37): warning C4514: “_snprintf_c_l”: 未引用的内联函数已移除
E:\Windows Kits\10\Include\10.0.18362.0\ucrt\stdio.h(2012,37): warning C4514: “_snprintf_c”: 未引用的内联函数已移除
E:\Windows Kits\10\Include\10.0.18362.0\ucrt\stdio.h(2032,37): warning C4514: “_snprintf_s_l”: 未引用的内联函数已移除
E:\Windows Kits\10\Include\10.0.18362.0\ucrt\stdio.h(2054,37): warning C4514: “_snprintf_s”: 未引用的内联函数已移除
E:\Windows Kits\10\Include\10.0.18362.0\ucrt\stdio.h(2082,37): warning C4514: “_scprintf_l”: 未引用的内联函数已移除
E:\Windows Kits\10\Include\10.0.18362.0\ucrt\stdio.h(2100,37): warning C4514: “_scprintf”: 未引用的内联函数已移除
E:\Windows Kits\10\Include\10.0.18362.0\ucrt\stdio.h(2117,37): warning C4514: “_scprintf_p_l”: 未引用的内联函数已移除
E:\Windows Kits\10\Include\10.0.18362.0\ucrt\stdio.h(2135,37): warning C4514: “_scprintf_p”: 未引用的内联函数已移除
E:\Windows Kits\10\Include\10.0.18362.0\ucrt\stdio.h(2183,37): warning C4514: “vsscanf”: 未引用的内联函数已移除
E:\Windows Kits\10\Include\10.0.18362.0\ucrt\stdio.h(2244,37): warning C4514: “_sscanf_l”: 未引用的内联函数已移除
E:\Windows Kits\10\Include\10.0.18362.0\ucrt\stdio.h(2263,37): warning C4514: “sscanf”: 未引用的内联函数已移除
E:\Windows Kits\10\Include\10.0.18362.0\ucrt\stdio.h(2281,37): warning C4514: “_sscanf_s_l”: 未引用的内联函数已移除
E:\Windows Kits\10\Include\10.0.18362.0\ucrt\stdio.h(2302,41): warning C4514: “sscanf_s”: 未引用的内联函数已移除
E:\Windows Kits\10\Include\10.0.18362.0\ucrt\stdio.h(2330,37): warning C4514: “_snscanf_l”: 未引用的内联函数已移除
E:\Windows Kits\10\Include\10.0.18362.0\ucrt\stdio.h(2354,37): warning C4514: “_snscanf”: 未引用的内联函数已移除
E:\Windows Kits\10\Include\10.0.18362.0\ucrt\stdio.h(2378,37): warning C4514: “_snscanf_s_l”: 未引用的内联函数已移除
E:\Windows Kits\10\Include\10.0.18362.0\ucrt\stdio.h(2402,37): warning C4514: “_snscanf_s”: 未引用的内联函数已移除
E:\Windows Kits\10\Include\10.0.18362.0\ucrt\corecrt_memcpy_s.h(35,44): warning C4514: “memcpy_s”: 未引用的内联函数已移除
E:\Windows Kits\10\Include\10.0.18362.0\ucrt\corecrt_memcpy_s.h(64,44): warning C4514: “memmove_s”: 未引用的内联函数已移除
E:\Windows Kits\10\Include\10.0.18362.0\ucrt\corecrt_wconio.h(100,37): warning C4514: “_vcwprintf”: 未引用的内联函数已移除
E:\Windows Kits\10\Include\10.0.18362.0\ucrt\corecrt_wconio.h(127,37): warning C4514: “_vcwprintf_s”: 未引用的内联函数已移除
E:\Windows Kits\10\Include\10.0.18362.0\ucrt\corecrt_wconio.h(154,37): warning C4514: “_vcwprintf_p”: 未引用的内联函数已移除
E:\Windows Kits\10\Include\10.0.18362.0\ucrt\corecrt_wconio.h(167,37): warning C4514: “_cwprintf_l”: 未引用的内联函数已移除
E:\Windows Kits\10\Include\10.0.18362.0\ucrt\corecrt_wconio.h(185,37): warning C4514: “_cwprintf”: 未引用的内联函数已移除
E:\Windows Kits\10\Include\10.0.18362.0\ucrt\corecrt_wconio.h(202,37): warning C4514: “_cwprintf_s_l”: 未引用的内联函数已移除
E:\Windows Kits\10\Include\10.0.18362.0\ucrt\corecrt_wconio.h(220,37): warning C4514: “_cwprintf_s”: 未引用的内联函数已移除
E:\Windows Kits\10\Include\10.0.18362.0\ucrt\corecrt_wconio.h(237,37): warning C4514: “_cwprintf_p_l”: 未引用的内联函数已移除
E:\Windows Kits\10\Include\10.0.18362.0\ucrt\corecrt_wconio.h(255,37): warning C4514: “_cwprintf_p”: 未引用的内联函数已移除
E:\Windows Kits\10\Include\10.0.18362.0\ucrt\corecrt_wconio.h(303,37): warning C4514: “_vcwscanf”: 未引用的内联函数已移除
E:\Windows Kits\10\Include\10.0.18362.0\ucrt\corecrt_wconio.h(335,37): warning C4514: “_vcwscanf_s”: 未引用的内联函数已移除
E:\Windows Kits\10\Include\10.0.18362.0\ucrt\corecrt_wconio.h(348,37): warning C4514: “_cwscanf_l”: 未引用的内联函数已移除
E:\Windows Kits\10\Include\10.0.18362.0\ucrt\corecrt_wconio.h(371,37): warning C4514: “_cwscanf”: 未引用的内联函数已移除
E:\Windows Kits\10\Include\10.0.18362.0\ucrt\corecrt_wconio.h(393,37): warning C4514: “_cwscanf_s_l”: 未引用的内联函数已移除
E:\Windows Kits\10\Include\10.0.18362.0\ucrt\corecrt_wconio.h(411,37): warning C4514: “_cwscanf_s”: 未引用的内联函数已移除
E:\Windows Kits\10\Include\10.0.18362.0\ucrt\corecrt_wio.h(225,26): warning C4514: “_wopen”: 未引用的内联函数已移除
E:\Windows Kits\10\Include\10.0.18362.0\ucrt\corecrt_wio.h(238,26): warning C4514: “_wsopen”: 未引用的内联函数已移除
E:\Windows Kits\10\Include\10.0.18362.0\ucrt\corecrt_wstring.h(166,38): warning C4514: “wcsnlen_s”: 未引用的内联函数已移除
E:\Windows Kits\10\Include\10.0.18362.0\ucrt\corecrt_wstring.h(247,40): warning C4514: “_wcstok”: 未引用的内联函数已移除
E:\Windows Kits\10\Include\10.0.18362.0\ucrt\corecrt_wstring.h(261,35): warning C4514: “wcstok”: 未引用的内联函数已移除
E:\Windows Kits\10\Include\10.0.18362.0\ucrt\corecrt_wstring.h(539,31): warning C4514: “wcschr”: 未引用的内联函数已移除
E:\Windows Kits\10\Include\10.0.18362.0\ucrt\corecrt_wstring.h(545,31): warning C4514: “wcspbrk”: 未引用的内联函数已移除
E:\Windows Kits\10\Include\10.0.18362.0\ucrt\corecrt_wstring.h(551,31): warning C4514: “wcsrchr”: 未引用的内联函数已移除
E:\Windows Kits\10\Include\10.0.18362.0\ucrt\corecrt_wstring.h(558,31): warning C4514: “wcsstr”: 未引用的内联函数已移除
E:\Windows Kits\10\Include\10.0.18362.0\ucrt\corecrt_wtime.h(185,45): warning C4514: “_wctime”: 未引用的内联函数已移除
E:\Windows Kits\10\Include\10.0.18362.0\ucrt\corecrt_wtime.h(192,43): warning C4514: “_wctime_s”: 未引用的内联函数已移除
E:\Windows Kits\10\Include\10.0.18362.0\ucrt\sys\stat.h(234,39): warning C4514: “fstat”: 未引用的内联函数已移除
E:\Windows Kits\10\Include\10.0.18362.0\ucrt\sys\stat.h(239,39): warning C4514: “stat”: 未引用的内联函数已移除
E:\Windows Kits\10\Include\10.0.18362.0\ucrt\wchar.h(180,28): warning C4514: “fwide”: 未引用的内联函数已移除
E:\Windows Kits\10\Include\10.0.18362.0\ucrt\wchar.h(189,28): warning C4514: “mbsinit”: 未引用的内联函数已移除
E:\Windows Kits\10\Include\10.0.18362.0\ucrt\wchar.h(209,28): warning C4514: “wmemcmp”: 未引用的内联函数已移除
E:\Windows Kits\10\Include\10.0.18362.0\ucrt\wchar.h(268,48): warning C4514: “wmemchr”: 未引用的内联函数已移除
E:\Windows Kits\10\Include\10.0.18362.0\ucrt\corecrt_memory.h(100,28): warning C4514: “memchr”: 未引用的内联函数已移除
E:\Windows Kits\10\Include\10.0.18362.0\ucrt\string.h(371,38): warning C4514: “strnlen_s”: 未引用的内联函数已移除
E:\Windows Kits\10\Include\10.0.18362.0\ucrt\string.h(504,28): warning C4514: “strchr”: 未引用的内联函数已移除
E:\Windows Kits\10\Include\10.0.18362.0\ucrt\string.h(510,28): warning C4514: “strpbrk”: 未引用的内联函数已移除
E:\Windows Kits\10\Include\10.0.18362.0\ucrt\string.h(516,28): warning C4514: “strrchr”: 未引用的内联函数已移除
E:\Windows Kits\10\Include\10.0.18362.0\ucrt\string.h(522,28): warning C4514: “strstr”: 未引用的内联函数已移除
E:\Keil_Project\20_Project_Template-master (1)\20_Project_Template\Template4MSVC_WIN32\SRML\Middlewares\Algorithm\PID.h(51,5): warning C4514: “OpenLoop::OpenLoop”: 未引用的内联函数已移除
E:\Keil_Project\20_Project_Template-master (1)\20_Project_Template\Template4MSVC_WIN32\SRML\Middlewares\Algorithm\PID.h(53,11): warning C4514: “OpenLoop::Adjust”: 未引用的内联函数已移除
E:\Keil_Project\20_Project_Template-master (1)\20_Project_Template\Template4MSVC_WIN32\SRML\Middlewares\Algorithm\PID.h(70,5): warning C4514: “myPID::myPID”: 未引用的内联函数已移除
E:\Keil_Project\20_Project_Template-master (1)\20_Project_Template\Template4MSVC_WIN32\SRML\Middlewares\Algorithm\PID.h(72,10): warning C4514: “myPID::SetPIDParam”: 未引用的内联函数已移除
E:\Keil_Project\20_Project_Template-master (1)\20_Project_Template\Template4MSVC_WIN32\SRML\Middlewares\Algorithm\PID.h(142,11): warning C4514: “FuzzyPID::Linear”: 未引用的内联函数已移除
E:\Keil_Project\20_Project_Template-master (1)\20_Project_Template\Template4MSVC_WIN32\SRML\Middlewares\Module\chassis.h(106,23): warning C4514: “_chassis_GlobalPos::operator =”: 未引用的内联函数已移除
E:\Keil_Project\20_Project_Template-master (1)\20_Project_Template\Template4MSVC_WIN32\SRML\Middlewares\Module\chassis.h(115,23): warning C4514: “_chassis_GlobalPos::operator -”: 未引用的内联函数已移除
E:\Keil_Project\20_Project_Template-master (1)\20_Project_Template\Template4MSVC_WIN32\SRML\Middlewares\Module\chassis.h(131,22): warning C4514: “_chassis_Velocity::operator =”: 未引用的内联函数已移除
E:\Keil_Project\20_Project_Template-master (1)\20_Project_Template\Template4MSVC_WIN32\SRML\Middlewares\Module\chassis.h(136,22): warning C4514: “_chassis_Velocity::operator +”: 未引用的内联函数已移除
E:\Keil_Project\20_Project_Template-master (1)\20_Project_Template\Template4MSVC_WIN32\Usr\Modules\Engineer.h(188,5): warning C4514: “CEngineer_typedef::CEngineer_typedef”: 未引用的内联函数已移除
E:\Keil_Project\20_Project_Template-master (1)\20_Project_Template\Template4MSVC_WIN32\mypid.h(8,5): warning C4514: “easy_pid::easy_pid”: 未引用的内联函数已移除
E:\Keil_Project\20_Project_Template-master (1)\20_Project_Template\Template4MSVC_WIN32\mypid.h(9,5): warning C4514: “easy_pid::easy_pid”: 未引用的内联函数已移除
E:\Keil_Project\20_Project_Template-master (1)\20_Project_Template\Template4MSVC_WIN32\mypid.h(10,10): warning C4514: “easy_pid::SetPIDParam”: 未引用的内联函数已移除
E:\Windows Kits\10\Include\10.0.18362.0\ucrt\ctype.h(81,24): warning C4514: “__acrt_locale_get_ctype_array_value”: 未引用的内联函数已移除
E:\Windows Kits\10\Include\10.0.18362.0\ucrt\ctype.h(165,37): warning C4514: “__ascii_iswalpha”: 未引用的内联函数已移除
E:\Windows Kits\10\Include\10.0.18362.0\ucrt\ctype.h(170,37): warning C4514: “__ascii_iswdigit”: 未引用的内联函数已移除
E:\Windows Kits\10\Include\10.0.18362.0\ucrt\ctype.h(175,37): warning C4514: “__ascii_towlower”: 未引用的内联函数已移除
E:\Windows Kits\10\Include\10.0.18362.0\ucrt\ctype.h(180,37): warning C4514: “__ascii_towupper”: 未引用的内联函数已移除
E:\Windows Kits\10\Include\10.0.18362.0\ucrt\ctype.h(234,28): warning C4514: “_ischartype_l”: 未引用的内联函数已移除
E:\Keil_Project\20_Project_Template-master (1)\20_Project_Template\Template4MSVC_WIN32\Usr\controller\mycontroller.cpp(103): warning C5045: 如果指定了 /Qspectre 开关，编译器会插入内存负载的 Spectre 缓解
  E:\Keil_Project\20_Project_Template-master (1)\20_Project_Template\Template4MSVC_WIN32\Usr\controller\mycontroller.cpp(97) : 注意: 在此行上通过对比检查索引 "" 范围
  E:\Keil_Project\20_Project_Template-master (1)\20_Project_Template\Template4MSVC_WIN32\Usr\controller\mycontroller.cpp(103) : 注意: 此行上的源内存负载
E:\Keil_Project\20_Project_Template-master (1)\20_Project_Template\Template4MSVC_WIN32\Usr\controller\mycontroller.cpp(70): warning C5045: 如果指定了 /Qspectre 开关，编译器会插入内存负载的 Spectre 缓解
  E:\Keil_Project\20_Project_Template-master (1)\20_Project_Template\Template4MSVC_WIN32\Usr\controller\mycontroller.cpp(65) : 注意: 在此行上通过对比检查索引 "index" 范围
  E:\Keil_Project\20_Project_Template-master (1)\20_Project_Template\Template4MSVC_WIN32\Usr\controller\mycontroller.cpp(70) : 注意: 此行上的源内存负载
E:\Keil_Project\20_Project_Template-master (1)\20_Project_Template\Template4MSVC_WIN32\Usr\controller\mycontroller.cpp(59): warning C5045: 如果指定了 /Qspectre 开关，编译器会插入内存负载的 Spectre 缓解
  E:\Keil_Project\20_Project_Template-master (1)\20_Project_Template\Template4MSVC_WIN32\Usr\controller\mycontroller.cpp(58) : 注意: 在此行上通过对比检查索引 "max" 范围
  E:\Keil_Project\20_Project_Template-master (1)\20_Project_Template\Template4MSVC_WIN32\Usr\controller\mycontroller.cpp(59) : 注意: 此行上的源调用
E:\Keil_Project\20_Project_Template-master (1)\20_Project_Template\Template4MSVC_WIN32\Usr\controller\mycontroller.cpp(57): warning C5045: 如果指定了 /Qspectre 开关，编译器会插入内存负载的 Spectre 缓解
  E:\Keil_Project\20_Project_Template-master (1)\20_Project_Template\Template4MSVC_WIN32\Usr\controller\mycontroller.cpp(56) : 注意: 在此行上通过对比检查索引 "min" 范围
  E:\Keil_Project\20_Project_Template-master (1)\20_Project_Template\Template4MSVC_WIN32\Usr\controller\mycontroller.cpp(57) : 注意: 此行上的源调用
    正在创建库 .\Debug\SIM_RTOS.lib 和对象 .\Debug\SIM_RTOS.exp
  WIN32.vcxproj -> E:\Keil_Project\20_Project_Template-master (1)\20_Project_Template\Template4MSVC_WIN32\.\Debug\SIM_RTOS.exe
